<?xml version="1.0" encoding="UTF-8"?>
<!-- Generated by org.testng.reporters.JUnitReportReporter -->
<testsuite hostname="Rong" name="com.llr.Cases.GetChannelsTest" tests="1" failures="0" timestamp="21 Sep 2020 08:51:07 GMT" time="0.099" errors="0">
  <testcase name="f" time="0.099" classname="com.llr.Cases.GetChannelsTest"/>
</testsuite> <!-- com.llr.Cases.GetChannelsTest -->
