<?xml version="1.0" encoding="UTF-8"?>
<!-- Generated by org.testng.reporters.JUnitReportReporter -->
<testsuite skipped="0" hostname="Rong" name="com.llr.Cases.GetChannelsTest" tests="1" failures="0" timestamp="2020-09-21T17:48:03 CST" time="0.091" errors="0">
  <testcase name="f" time="0.091" classname="com.llr.Cases.GetChannelsTest"/>
  <system-out/>
</testsuite> <!-- com.llr.Cases.GetChannelsTest -->
