<?xml version="1.0" encoding="UTF-8"?>
<!-- Generated by org.testng.reporters.JUnitReportReporter -->
<testsuite skipped="0" hostname="Rong" name="com.llr.Cases.loginTest" tests="4" failures="0" timestamp="2020-09-21T17:48:03 CST" time="1.618" errors="0">
  <testcase name="f" time="0.090" classname="com.llr.Cases.loginTest"/>
  <system-out/>
  <testcase name="f" time="1.333" classname="com.llr.Cases.loginTest"/>
  <system-out/>
  <testcase name="f" time="0.100" classname="com.llr.Cases.loginTest"/>
  <system-out/>
  <testcase name="f" time="0.095" classname="com.llr.Cases.loginTest"/>
  <system-out/>
</testsuite> <!-- com.llr.Cases.loginTest -->
